Using pre-set license
Built from '2021.3/staging' branch; Version is '2021.3.23f1 (213b516bf396) revision 2177873'; Using compiler version '192829333'; Build Type 'Release'
OS: 'Windows 11  (10.0.22621) 64bit Professional' Language: 'en' Physical Memory: 16309 MB
BatchMode: 1, IsHumanControllingUs: 0, StartBugReporterOnCrash: 0, Is64bit: 1, IsPro: 1

COMMAND LINE ARGUMENTS:
D:\Unity Hub\Editor\2021.3.23f1\Editor\Unity.exe
-adb2
-batchMode
-noUpm
-name
AssetImportWorker1
-projectPath
D:/Game/TheEcho2D
-logFile
Logs/AssetImportWorker1.log
-srvPort
65123
Successfully changed project path to: D:/Game/TheEcho2D
D:/Game/TheEcho2D
[UnityMemory] Configuration Parameters - Can be set up in boot.config
    "memorysetup-bucket-allocator-granularity=16"
    "memorysetup-bucket-allocator-bucket-count=8"
    "memorysetup-bucket-allocator-block-size=33554432"
    "memorysetup-bucket-allocator-block-count=8"
    "memorysetup-main-allocator-block-size=16777216"
    "memorysetup-thread-allocator-block-size=16777216"
    "memorysetup-gfx-main-allocator-block-size=16777216"
    "memorysetup-gfx-thread-allocator-block-size=16777216"
    "memorysetup-cache-allocator-block-size=4194304"
    "memorysetup-typetree-allocator-block-size=2097152"
    "memorysetup-profiler-bucket-allocator-granularity=16"
    "memorysetup-profiler-bucket-allocator-bucket-count=8"
    "memorysetup-profiler-bucket-allocator-block-size=33554432"
    "memorysetup-profiler-bucket-allocator-block-count=8"
    "memorysetup-profiler-allocator-block-size=16777216"
    "memorysetup-profiler-editor-allocator-block-size=1048576"
    "memorysetup-temp-allocator-size-main=16777216"
    "memorysetup-job-temp-allocator-block-size=2097152"
    "memorysetup-job-temp-allocator-block-size-background=1048576"
    "memorysetup-job-temp-allocator-reduction-small-platforms=262144"
    "memorysetup-temp-allocator-size-background-worker=32768"
    "memorysetup-temp-allocator-size-job-worker=262144"
    "memorysetup-temp-allocator-size-preload-manager=33554432"
    "memorysetup-temp-allocator-size-nav-mesh-worker=65536"
    "memorysetup-temp-allocator-size-audio-worker=65536"
    "memorysetup-temp-allocator-size-cloud-worker=32768"
    "memorysetup-temp-allocator-size-gi-baking-worker=262144"
    "memorysetup-temp-allocator-size-gfx=262144"
Player connection [2360] Host "[IP] 192.168.0.101 [Port] 0 [Flags] 2 [Guid] 3456222069 [EditorId] 3456222069 [Version] 1048832 [Id] WindowsEditor(7,PC) [Debug] 1 [PackageName] WindowsEditor [ProjectName] Editor" joined multi-casting on [225.0.0.222:54997]...

Player connection [2360] Host "[IP] 192.168.0.101 [Port] 0 [Flags] 2 [Guid] 3456222069 [EditorId] 3456222069 [Version] 1048832 [Id] WindowsEditor(7,PC) [Debug] 1 [PackageName] WindowsEditor [ProjectName] Editor" joined alternative multi-casting on [225.0.0.222:34997]...

Refreshing native plugins compatible for Editor in 116.81 ms, found 4 plugins.
Preloading 0 native plugins for Editor in 0.00 ms.
Initialize engine version: 2021.3.23f1 (213b516bf396)
[Subsystems] Discovering subsystems at path D:/Unity Hub/Editor/2021.3.23f1/Editor/Data/Resources/UnitySubsystems
[Subsystems] Discovering subsystems at path D:/Game/TheEcho2D/Assets
GfxDevice: creating device client; threaded=0; jobified=0
Direct3D:
    Version:  Direct3D 11.0 [level 11.1]
    Renderer: NVIDIA GeForce RTX 3060 Ti (ID=0x2489)
    Vendor:   NVIDIA
    VRAM:     8038 MB
    Driver:   31.0.15.3179
Initialize mono
Mono path[0] = 'D:/Unity Hub/Editor/2021.3.23f1/Editor/Data/Managed'
Mono path[1] = 'D:/Unity Hub/Editor/2021.3.23f1/Editor/Data/MonoBleedingEdge/lib/mono/unityjit-win32'
Mono config path = 'D:/Unity Hub/Editor/2021.3.23f1/Editor/Data/MonoBleedingEdge/etc'
Using monoOptions --debugger-agent=transport=dt_socket,embedding=1,server=y,suspend=n,address=127.0.0.1:56376
Begin MonoManager ReloadAssembly
Registering precompiled unity dll's ...
Register platform support module: D:/Unity Hub/Editor/2021.3.23f1/Editor/Data/PlaybackEngines/WindowsStandaloneSupport/UnityEditor.WindowsStandalone.Extensions.dll
Registered in 0.002451 seconds.
Native extension for WindowsStandalone target not found
Refreshing native plugins compatible for Editor in 116.11 ms, found 4 plugins.
Preloading 0 native plugins for Editor in 0.00 ms.
Mono: successfully reloaded assembly
- Completed reload, in  0.551 seconds
Domain Reload Profiling:
	ReloadAssembly (551ms)
		BeginReloadAssembly (76ms)
			ExecutionOrderSort (0ms)
			DisableScriptedObjects (0ms)
			BackupInstance (0ms)
			ReleaseScriptingObjects (0ms)
			CreateAndSetChildDomain (1ms)
		EndReloadAssembly (405ms)
			LoadAssemblies (75ms)
			RebuildTransferFunctionScriptingTraits (0ms)
			SetupTypeCache (79ms)
			ReleaseScriptCaches (0ms)
			RebuildScriptCaches (21ms)
			SetupLoadedEditorAssemblies (269ms)
				LogAssemblyErrors (0ms)
				InitializePlatformSupportModulesInManaged (7ms)
				SetLoadedEditorAssemblies (0ms)
				RefreshPlugins (116ms)
				BeforeProcessingInitializeOnLoad (1ms)
				ProcessInitializeOnLoadAttributes (110ms)
				ProcessInitializeOnLoadMethodAttributes (34ms)
				AfterProcessingInitializeOnLoad (0ms)
				EditorAssembliesLoaded (0ms)
			ExecutionOrderSort2 (0ms)
			AwakeInstancesAfterBackupRestoration (0ms)
Platform modules already initialized, skipping
Registering precompiled user dll's ...
Registered in 0.008584 seconds.
Begin MonoManager ReloadAssembly
Symbol file LoadedFromMemory doesn't match image D:\Game\TheEcho2D\Library\PackageCache\com.unity.visualscripting@1.8.0\Editor\VisualScripting.Core\Dependencies\DotNetZip\Unity.VisualScripting.IonicZip.dll
Symbol file LoadedFromMemory doesn't match image D:\Game\TheEcho2D\Library\PackageCache\com.unity.visualscripting@1.8.0\Editor\VisualScripting.Core\Dependencies\YamlDotNet\Unity.VisualScripting.YamlDotNet.dll
Native extension for WindowsStandalone target not found
Refreshing native plugins compatible for Editor in 118.29 ms, found 4 plugins.
Preloading 0 native plugins for Editor in 0.00 ms.
Mono: successfully reloaded assembly
- Completed reload, in  1.220 seconds
Domain Reload Profiling:
	ReloadAssembly (1221ms)
		BeginReloadAssembly (106ms)
			ExecutionOrderSort (0ms)
			DisableScriptedObjects (4ms)
			BackupInstance (0ms)
			ReleaseScriptingObjects (0ms)
			CreateAndSetChildDomain (15ms)
		EndReloadAssembly (1032ms)
			LoadAssemblies (116ms)
			RebuildTransferFunctionScriptingTraits (0ms)
			SetupTypeCache (215ms)
			ReleaseScriptCaches (1ms)
			RebuildScriptCaches (59ms)
			SetupLoadedEditorAssemblies (629ms)
				LogAssemblyErrors (0ms)
				InitializePlatformSupportModulesInManaged (3ms)
				SetLoadedEditorAssemblies (0ms)
				RefreshPlugins (118ms)
				BeforeProcessingInitializeOnLoad (115ms)
				ProcessInitializeOnLoadAttributes (241ms)
				ProcessInitializeOnLoadMethodAttributes (150ms)
				AfterProcessingInitializeOnLoad (2ms)
				EditorAssembliesLoaded (0ms)
			ExecutionOrderSort2 (0ms)
			AwakeInstancesAfterBackupRestoration (5ms)
Platform modules already initialized, skipping
========================================================================
Worker process is ready to serve import requests
Launched and connected shader compiler UnityShaderCompiler.exe after 0.04 seconds
Refreshing native plugins compatible for Editor in 1.15 ms, found 4 plugins.
Preloading 0 native plugins for Editor in 0.00 ms.
Unloading 6280 Unused Serialized files (Serialized files now loaded: 0)
Unloading 88 unused Assets / (0.9 MB). Loaded Objects now: 6699.
Memory consumption went from 238.5 MB to 237.6 MB.
Total: 7.371300 ms (FindLiveObjects: 0.621900 ms CreateObjectMapping: 0.409800 ms MarkObjects: 5.957500 ms  DeleteObjects: 0.381500 ms)

AssetImportParameters requested are different than current active one (requested -> active):
  custom:video-decoder-ogg-theora: a1e56fd34408186e4bbccfd4996cb3dc -> 
  custom:container-muxer-webm: aa71ff27fc2769a1b78a27578f13a17b -> 
  custom:container-demuxer-webm: 4f35f7cbe854078d1ac9338744f61a02 -> 
  custom:video-encoder-webm-vp8: eb34c28f22e8b96e1ab97ce403110664 -> 
  custom:video-codec-MediaFoundation-h265: 746d11721c4dcdbdad8f713fa42b33f4 -> 
  custom:audio-encoder-webm-vorbis: bf7c407c2cedff20999df2af8eb42d56 -> 
  custom:framework-win-MediaFoundation: 216162199b28c13a410421893ffa2e32 -> 
  custom:container-demuxer-ogg: 62fdf1f143b41e24485cea50d1cbac27 -> 
  custom:video-decoder-webm-vp8: 9c59270c3fd7afecdb556c50c9e8de78 -> 
  custom:audio-decoder-ogg-vorbis: bf7c407c2cedff20999df2af8eb42d56 -> 
========================================================================
Received Import Request.
  Time since last request: 724841.442119 seconds.
  path: Assets/Tiles/sheet_3.asset
  artifactKey: Guid(a51fab62bfbd0f6478105f70ac6dbe5a) Importer(815301076,1909f56bfc062723c751e8b465ee728b)
Start importing Assets/Tiles/sheet_3.asset using Guid(a51fab62bfbd0f6478105f70ac6dbe5a) Importer(815301076,1909f56bfc062723c751e8b465ee728b)  -> (artifact id: 'ecda06e773ec853acfdf17a543c0141e') in 0.373483 seconds 
========================================================================
Received Import Request.
  Time since last request: 0.182532 seconds.
  path: Assets/Tiles/sheet_9.asset
  artifactKey: Guid(14b4f9eb8d672de4d9e12f697f804777) Importer(815301076,1909f56bfc062723c751e8b465ee728b)
Start importing Assets/Tiles/sheet_9.asset using Guid(14b4f9eb8d672de4d9e12f697f804777) Importer(815301076,1909f56bfc062723c751e8b465ee728b)  -> (artifact id: '4768136199fc4eb69bdfe063ba2e9516') in 0.009436 seconds 
========================================================================
Received Import Request.
  Time since last request: 0.000022 seconds.
  path: Assets/Tiles/sheet_10.asset
  artifactKey: Guid(67f1dfc530b4411429be1906de933092) Importer(815301076,1909f56bfc062723c751e8b465ee728b)
Start importing Assets/Tiles/sheet_10.asset using Guid(67f1dfc530b4411429be1906de933092) Importer(815301076,1909f56bfc062723c751e8b465ee728b)  -> (artifact id: '0ee6624b32164514603bfcf46a0e4a1c') in 0.009440 seconds 
========================================================================
Received Import Request.
  Time since last request: 0.000024 seconds.
  path: Assets/Tiles/sheet_16.asset
  artifactKey: Guid(42c42bc636223514689566bc5a7bfb15) Importer(815301076,1909f56bfc062723c751e8b465ee728b)
Start importing Assets/Tiles/sheet_16.asset using Guid(42c42bc636223514689566bc5a7bfb15) Importer(815301076,1909f56bfc062723c751e8b465ee728b)  -> (artifact id: 'e38e500f6fa391615f7201d9e17d69c2') in 0.009430 seconds 
========================================================================
Received Import Request.
  Time since last request: 0.000013 seconds.
  path: Assets/Tiles/sheet_15.asset
  artifactKey: Guid(c5bfabea081a5bb4998baf783e04bf93) Importer(815301076,1909f56bfc062723c751e8b465ee728b)
Start importing Assets/Tiles/sheet_15.asset using Guid(c5bfabea081a5bb4998baf783e04bf93) Importer(815301076,1909f56bfc062723c751e8b465ee728b)  -> (artifact id: '8f3162cbbd33d1803b9d4b2ece082d85') in 0.008830 seconds 
========================================================================
Received Import Request.
  Time since last request: 0.110124 seconds.
  path: Assets/Tiles/sheet_18.asset
  artifactKey: Guid(68500b52e44a3fe408c87b2bf6307596) Importer(815301076,1909f56bfc062723c751e8b465ee728b)
Start importing Assets/Tiles/sheet_18.asset using Guid(68500b52e44a3fe408c87b2bf6307596) Importer(815301076,1909f56bfc062723c751e8b465ee728b)  -> (artifact id: '25d5a47e0ca74a6fb151bc9e9746655c') in 0.008966 seconds 
========================================================================
Received Import Request.
  Time since last request: 0.000017 seconds.
  path: Assets/Tiles/sheet_25.asset
  artifactKey: Guid(eda52d695f42088428504122b12fc1fc) Importer(815301076,1909f56bfc062723c751e8b465ee728b)
Start importing Assets/Tiles/sheet_25.asset using Guid(eda52d695f42088428504122b12fc1fc) Importer(815301076,1909f56bfc062723c751e8b465ee728b)  -> (artifact id: '298f8cb9edc39e79b16add51450400fa') in 0.007806 seconds 
========================================================================
Received Import Request.
  Time since last request: 0.000014 seconds.
  path: Assets/Tiles/sheet_28.asset
  artifactKey: Guid(d91b3340fce870b4e9d7ddaa5423e2dd) Importer(815301076,1909f56bfc062723c751e8b465ee728b)
Start importing Assets/Tiles/sheet_28.asset using Guid(d91b3340fce870b4e9d7ddaa5423e2dd) Importer(815301076,1909f56bfc062723c751e8b465ee728b)  -> (artifact id: 'aa620fba5b017aae8597d296f3d11e6a') in 0.008574 seconds 
========================================================================
Received Import Request.
  Time since last request: 0.000015 seconds.
  path: Assets/Tiles/sheet_22.asset
  artifactKey: Guid(e46d3671d853e6e428012e3b46b10236) Importer(815301076,1909f56bfc062723c751e8b465ee728b)
Start importing Assets/Tiles/sheet_22.asset using Guid(e46d3671d853e6e428012e3b46b10236) Importer(815301076,1909f56bfc062723c751e8b465ee728b)  -> (artifact id: '2ae607e352ee9cc54a01d256cc164480') in 0.008110 seconds 
========================================================================
Received Import Request.
  Time since last request: 0.000019 seconds.
  path: Assets/Tiles/sheet_27.asset
  artifactKey: Guid(fadca020377944b46a9ada48e8397443) Importer(815301076,1909f56bfc062723c751e8b465ee728b)
Start importing Assets/Tiles/sheet_27.asset using Guid(fadca020377944b46a9ada48e8397443) Importer(815301076,1909f56bfc062723c751e8b465ee728b)  -> (artifact id: 'aa33d263fccafe354b86e5069c41e9eb') in 0.007867 seconds 
========================================================================
Received Import Request.
  Time since last request: 0.000022 seconds.
  path: Assets/Tiles/sheet_19.asset
  artifactKey: Guid(60b3554f85d707f4381d503f81221052) Importer(815301076,1909f56bfc062723c751e8b465ee728b)
Start importing Assets/Tiles/sheet_19.asset using Guid(60b3554f85d707f4381d503f81221052) Importer(815301076,1909f56bfc062723c751e8b465ee728b)  -> (artifact id: '51c54c48a473f14f122e3b01e7c64461') in 0.008215 seconds 
========================================================================
Received Import Request.
  Time since last request: 0.000015 seconds.
  path: Assets/Tiles/sheet_30.asset
  artifactKey: Guid(8fcbd85b57376f2459907e378af0646a) Importer(815301076,1909f56bfc062723c751e8b465ee728b)
Start importing Assets/Tiles/sheet_30.asset using Guid(8fcbd85b57376f2459907e378af0646a) Importer(815301076,1909f56bfc062723c751e8b465ee728b)  -> (artifact id: 'eb08a63dabe8bd4f31f6b217aa6f0d06') in 0.008195 seconds 
========================================================================
Received Import Request.
  Time since last request: 0.000016 seconds.
  path: Assets/Tiles/sheet_33.asset
  artifactKey: Guid(bd26e2a4e1afec0498fc960ec5624ec4) Importer(815301076,1909f56bfc062723c751e8b465ee728b)
Start importing Assets/Tiles/sheet_33.asset using Guid(bd26e2a4e1afec0498fc960ec5624ec4) Importer(815301076,1909f56bfc062723c751e8b465ee728b)  -> (artifact id: 'a42d1e90f15f4ca8b50063ef76322798') in 0.008243 seconds 
========================================================================
Received Import Request.
  Time since last request: 0.000016 seconds.
  path: Assets/Tiles/sheet_24.asset
  artifactKey: Guid(d7c1263a2053c994fb3ae290c4e31286) Importer(815301076,1909f56bfc062723c751e8b465ee728b)
Start importing Assets/Tiles/sheet_24.asset using Guid(d7c1263a2053c994fb3ae290c4e31286) Importer(815301076,1909f56bfc062723c751e8b465ee728b)  -> (artifact id: 'a92e22ce05faad190a6309e84e7d5080') in 0.007801 seconds 
========================================================================
Received Import Request.
  Time since last request: 0.265906 seconds.
  path: Assets/Tiles/sheet_36.asset
  artifactKey: Guid(fe78533c920c13146947db5399fea550) Importer(815301076,1909f56bfc062723c751e8b465ee728b)
Start importing Assets/Tiles/sheet_36.asset using Guid(fe78533c920c13146947db5399fea550) Importer(815301076,1909f56bfc062723c751e8b465ee728b)  -> (artifact id: '69b25fa74fc492178fe109e084a370ad') in 0.008049 seconds 
========================================================================
Received Import Request.
  Time since last request: 0.000019 seconds.
  path: Assets/Tiles/sheet_37.asset
  artifactKey: Guid(3616ecac3bb5dd244b84bde606e07594) Importer(815301076,1909f56bfc062723c751e8b465ee728b)
Start importing Assets/Tiles/sheet_37.asset using Guid(3616ecac3bb5dd244b84bde606e07594) Importer(815301076,1909f56bfc062723c751e8b465ee728b)  -> (artifact id: '94b49012f90ebe588da7dcda36554f52') in 0.012289 seconds 
========================================================================
Received Import Request.
  Time since last request: 0.000017 seconds.
  path: Assets/Tiles/sheet_41.asset
  artifactKey: Guid(e5fba98140451884e91044ac55683170) Importer(815301076,1909f56bfc062723c751e8b465ee728b)
Start importing Assets/Tiles/sheet_41.asset using Guid(e5fba98140451884e91044ac55683170) Importer(815301076,1909f56bfc062723c751e8b465ee728b)  -> (artifact id: 'a82ff794203da5846c76f1e6c2bfbf4f') in 0.007431 seconds 
========================================================================
Received Import Request.
  Time since last request: 0.000017 seconds.
  path: Assets/Tiles/sheet_42.asset
  artifactKey: Guid(bdbde2e12ff5e474f8295d7928444fa7) Importer(815301076,1909f56bfc062723c751e8b465ee728b)
Start importing Assets/Tiles/sheet_42.asset using Guid(bdbde2e12ff5e474f8295d7928444fa7) Importer(815301076,1909f56bfc062723c751e8b465ee728b)  -> (artifact id: 'db86de5d845d65bba8b2324dc2158337') in 0.008934 seconds 
========================================================================
Received Import Request.
  Time since last request: 0.000016 seconds.
  path: Assets/Tiles/sheet_40.asset
  artifactKey: Guid(8bad351b22c5bfd41af25cb1bf246145) Importer(815301076,1909f56bfc062723c751e8b465ee728b)
Start importing Assets/Tiles/sheet_40.asset using Guid(8bad351b22c5bfd41af25cb1bf246145) Importer(815301076,1909f56bfc062723c751e8b465ee728b)  -> (artifact id: 'c7cc6594bddbf9ca6f8a160736868e87') in 0.007206 seconds 
========================================================================
Received Import Request.
  Time since last request: 0.000546 seconds.
  path: Assets/Tiles/sheet_45.asset
  artifactKey: Guid(ac61d25c0ad0f53458fc28b5dd398109) Importer(815301076,1909f56bfc062723c751e8b465ee728b)
Start importing Assets/Tiles/sheet_45.asset using Guid(ac61d25c0ad0f53458fc28b5dd398109) Importer(815301076,1909f56bfc062723c751e8b465ee728b)  -> (artifact id: '07b657c5b9b9ebead5822f7021b92d5f') in 0.008923 seconds 
========================================================================
Received Import Request.
  Time since last request: 0.000019 seconds.
  path: Assets/Tiles/sheet_51.asset
  artifactKey: Guid(d10d4d4a24fd27c48830d66b8beede55) Importer(815301076,1909f56bfc062723c751e8b465ee728b)
Start importing Assets/Tiles/sheet_51.asset using Guid(d10d4d4a24fd27c48830d66b8beede55) Importer(815301076,1909f56bfc062723c751e8b465ee728b)  -> (artifact id: '74cd294cb6c4fdbf4211ed922c0ad555') in 0.009597 seconds 
========================================================================
Received Import Request.
  Time since last request: 0.000022 seconds.
  path: Assets/Tiles/sheet_49.asset
  artifactKey: Guid(949f4e0cacbcb974c93fa96be16805bf) Importer(815301076,1909f56bfc062723c751e8b465ee728b)
Start importing Assets/Tiles/sheet_49.asset using Guid(949f4e0cacbcb974c93fa96be16805bf) Importer(815301076,1909f56bfc062723c751e8b465ee728b)  -> (artifact id: '2398ec84a3446b0c43e815a2a327f130') in 0.009053 seconds 
========================================================================
Received Import Request.
  Time since last request: 0.000014 seconds.
  path: Assets/Tiles/sheet_59.asset
  artifactKey: Guid(aeb7db5a5a4e5e34e873c28ec78fbd4b) Importer(815301076,1909f56bfc062723c751e8b465ee728b)
Start importing Assets/Tiles/sheet_59.asset using Guid(aeb7db5a5a4e5e34e873c28ec78fbd4b) Importer(815301076,1909f56bfc062723c751e8b465ee728b)  -> (artifact id: '2a735d401fb1d430a7e58f5981c3b4c2') in 0.007107 seconds 
========================================================================
Received Import Request.
  Time since last request: 0.000013 seconds.
  path: Assets/Tiles/sheet_55.asset
  artifactKey: Guid(e366d1a3ac973c44ca02a9878e3754a3) Importer(815301076,1909f56bfc062723c751e8b465ee728b)
Start importing Assets/Tiles/sheet_55.asset using Guid(e366d1a3ac973c44ca02a9878e3754a3) Importer(815301076,1909f56bfc062723c751e8b465ee728b)  -> (artifact id: 'ab415d6c38b4b405fc6ce189d26d5b7e') in 0.007236 seconds 
========================================================================
Received Import Request.
  Time since last request: 0.000023 seconds.
  path: Assets/Tiles/sheet_60.asset
  artifactKey: Guid(fb3f9f42cd2b9224b9f93b75c4964828) Importer(815301076,1909f56bfc062723c751e8b465ee728b)
Start importing Assets/Tiles/sheet_60.asset using Guid(fb3f9f42cd2b9224b9f93b75c4964828) Importer(815301076,1909f56bfc062723c751e8b465ee728b)  -> (artifact id: 'c05fca201944ff7a28af3dfe05ebdcee') in 0.007690 seconds 
========================================================================
Received Import Request.
  Time since last request: 0.000015 seconds.
  path: Assets/Tiles/sheet_47.asset
  artifactKey: Guid(53467be3911f55a469023d0bb7407ee6) Importer(815301076,1909f56bfc062723c751e8b465ee728b)
Start importing Assets/Tiles/sheet_47.asset using Guid(53467be3911f55a469023d0bb7407ee6) Importer(815301076,1909f56bfc062723c751e8b465ee728b)  -> (artifact id: '4e3aab2cf67af3e4272ec999c15fcab4') in 0.008063 seconds 
========================================================================
Received Import Request.
  Time since last request: 0.000015 seconds.
  path: Assets/Tiles/sheet_54.asset
  artifactKey: Guid(4322fd6716d5bb04181f9432b024e1e3) Importer(815301076,1909f56bfc062723c751e8b465ee728b)
Start importing Assets/Tiles/sheet_54.asset using Guid(4322fd6716d5bb04181f9432b024e1e3) Importer(815301076,1909f56bfc062723c751e8b465ee728b)  -> (artifact id: 'e636b99da4e3ce79f4ae4b1e4dbdc643') in 0.007985 seconds 
========================================================================
Received Import Request.
  Time since last request: 0.000016 seconds.
  path: Assets/Tiles/sheet_61.asset
  artifactKey: Guid(996043b7270fdcb4986042d0070a1be7) Importer(815301076,1909f56bfc062723c751e8b465ee728b)
Start importing Assets/Tiles/sheet_61.asset using Guid(996043b7270fdcb4986042d0070a1be7) Importer(815301076,1909f56bfc062723c751e8b465ee728b)  -> (artifact id: '5855b2330b99f1da098f1237e7cb27a6') in 0.007717 seconds 
Editor requested this worker to shutdown with reason: Scaling down because of idle timeout
AssetImportWorker is now disconnected from the server
Process exiting
Exiting without the bug reporter. Application will terminate with return code 0